<?xml version="1.0" encoding="UTF-8"?>
<testsuite name="gremlins.SampleTest" tests="1" skipped="0" failures="0" errors="0" timestamp="2022-09-14T08:08:59" hostname="RUDYSPC" time="0.028">
  <properties/>
  <testcase name="simpleTest()" classname="gremlins.SampleTest" time="0.028"/>
  <system-out><![CDATA[]]></system-out>
  <system-err><![CDATA[]]></system-err>
</testsuite>
